Arguments: 
  /Users/thejoker/.nvm/versions/node/v10.5.0/bin/node /usr/local/bin/yarn

PATH: 
  /usr/local/opt/openssl/bin:/usr/local/opt/postgresql@9.6/bin:/usr/local/opt/openssl/bin:/Users/thejoker/.nvm/versions/node/v10.5.0/bin:/usr/local/opt/postgresql@9.6/bin:/usr/local/bin:/usr/bin:/bin:/usr/sbin:/sbin:/usr/local/share/dotnet:/Library/Frameworks/Mono.framework/Versions/Current/Commands:/Applications/Xamarin Workbooks.app/Contents/SharedSupport/path-bin:/Users/thejoker/.rvm/bin:/Users/thejoker/.rvm/bin:/Users/thejoker/.rvm/bin

Yarn version: 
  1.5.1

Node version: 
  10.5.0

Platform: 
  darwin x64

npm manifest: 
  {
    "name": "@dpack/cli",
    "version": "0.1.9",
    "description": "dPack is a distributed and decentralized package manager for the dWeb. Easily distribute dPacks across the Distributed Web (dWeb) while maintaining complete version control.",
    "contributors": [
      "Jared Rice Sr. <jared@dwebs.io>",
      "Distributed Webs Project, LLC. <labs@distributedwebs.org>"
    ],
    "license": "BSD-3-Clause",
    "main": "index.js",
    "bin": {
      "dpack": "bin/cli.js"
    },
    "scripts": {
      "auth-server": "DEBUG=* node scripts/auth-server.js",
      "install-precommit": "echo ./node_modules/.bin/standard > .git/hooks/pre-commit && chmod +x .git/hooks/pre-commit",
      "standard": "standard",
      "deps": "dependency-check . && dependency-check . --extra --no-dev",
      "test": "standard && npm run deps && tape 'test/*.js'",
      "test-only": "tape 'test/*.js'",
      "package": "rm -rf builds && npm run pkg && ./package.sh",
      "pkg": "pkg package.json -o builds/dpack"
    },
    "dependencies": {
      "@dpack/core": "dpacks/core#master",
      "@dpack/drsatoshi": "dpacks/drsatoshi#master",
      "@dpack/feed": "dpacks/feed#master",
      "@dpack/logger": "dpacks/logger#master",
      "@dpack/metadata": "dpacks/metadata#master",
      "@dpacks/repository": "dpacks/repository#master",
      "@dwcore/channel": "dwcore/channel#master",
      "@dwcore/netspeed": "dwcore/netspeed#master",
      "@dwebs/codec": "distributedweb/codec#master",
      "@dwebs/resolve": "distributedweb/resolve#master",
      "bytes": "^3.0.0",
      "chalk": "^2.0.0",
      "cli-truncate": "^1.0.0",
      "debug": "^3.0.0",
      "prettier-bytes": "^1.0.3",
      "progress-string": "^1.2.1",
      "prompt": "^1.0.0",
      "rimraf": "^2.6.1",
      "subcommand": "^2.1.0",
      "throttle": "^1.0.3",
      "update-notifier": "^2.3.0",
      "xtend": "^4.0.1"
    },
    "devDependencies": {
      "@ddatabase/core": "*",
      "@dpacks/api": "dpacks/repository-api#master",
      "@dwcore/rem": "*",
      "@flockcore/revelation": "flockcore/revelation#master",
      "cross-zip-cli": "^1.0.0",
      "dependency-check": "^3.0.0",
      "mkdirp": "^0.5.1",
      "pkg": "^4.2.6",
      "recursive-readdir-sync": "^1.0.6",
      "request": "^2.81.0",
      "standard": "^11.0.1",
      "tape": "^4.6.3",
      "tape-spawn": "^1.4.2",
      "temporary-directory": "^1.0.2"
    },
    "pkg": {
      "assets": [
        "./node_modules/utp-native/prebuilds/**",
        "./node_modules/blake2b-wasm/blake2b.wasm",
        "./node_modules/siphash24/siphash24.wasm"
      ],
      "targets": [
        "node8-linux-x64",
        "node8-macos-x64",
        "node8-win-x64"
      ]
    },
    "publishConfig": {
      "access": "public"
    }
  }

yarn manifest: 
  No manifest

Lockfile: 
  No lockfile

Trace: 
  Error: Workspaces can only be enabled in private projects.
      at new MessageError (/usr/local/lib/node_modules/yarn/lib/cli.js:186:110)
      at Config.getWorkspaces (/usr/local/lib/node_modules/yarn/lib/cli.js:40341:15)
      at Config.<anonymous> (/usr/local/lib/node_modules/yarn/lib/cli.js:40229:21)
      at Generator.next (<anonymous>)
      at step (/usr/local/lib/node_modules/yarn/lib/cli.js:98:30)
      at /usr/local/lib/node_modules/yarn/lib/cli.js:116:14
      at new Promise (<anonymous>)
      at new F (/usr/local/lib/node_modules/yarn/lib/cli.js:23451:28)
      at Config.<anonymous> (/usr/local/lib/node_modules/yarn/lib/cli.js:95:12)
      at Config.resolveWorkspaces (/usr/local/lib/node_modules/yarn/lib/cli.js:40296:21)
